TN:
SF:api\src\db.ts
FN:11,(anonymous_1)
FNF:1
FNH:1
FNDA:9,(anonymous_1)
DA:1,1
DA:3,1
DA:11,9
LF:3
LH:3
BRF:0
BRH:0
end_of_record
TN:
SF:api\src\controllers\ride.controller.ts
FN:6,(anonymous_7)
FN:6,(anonymous_8)
FN:32,(anonymous_9)
FN:32,(anonymous_10)
FN:89,(anonymous_11)
FN:89,(anonymous_12)
FN:133,(anonymous_13)
FN:160,(anonymous_14)
FN:160,(anonymous_15)
FN:172,(anonymous_16)
FNF:10
FNH:7
FNDA:3,(anonymous_7)
FNDA:3,(anonymous_8)
FNDA:6,(anonymous_9)
FNDA:6,(anonymous_10)
FNDA:5,(anonymous_11)
FNDA:5,(anonymous_12)
FNDA:19,(anonymous_13)
FNDA:0,(anonymous_14)
FNDA:0,(anonymous_15)
FNDA:0,(anonymous_16)
DA:2,1
DA:3,1
DA:4,1
DA:6,3
DA:7,3
DA:8,3
DA:11,3
DA:12,3
DA:13,1
DA:17,1
DA:21,2
DA:22,1
DA:24,1
DA:25,1
DA:32,6
DA:33,6
DA:35,6
DA:36,6
DA:37,1
DA:41,1
DA:44,5
DA:45,1
DA:49,1
DA:53,4
DA:55,3
DA:56,1
DA:60,1
DA:63,2
DA:64,2
DA:65,1
DA:69,1
DA:73,1
DA:79,1
DA:81,1
DA:82,1
DA:89,5
DA:90,5
DA:91,5
DA:92,5
DA:94,5
DA:95,1
DA:99,1
DA:102,4
DA:103,1
DA:104,1
DA:105,1
DA:109,1
DA:113,3
DA:122,3
DA:123,3
DA:125,2
DA:126,1
DA:130,1
DA:133,19
DA:146,1
DA:152,1
DA:153,1
DA:160,1
DA:161,0
DA:162,0
DA:163,0
DA:164,0
DA:168,0
DA:171,0
DA:172,0
DA:178,0
DA:179,0
LF:67
LH:58
BRDA:12,0,0,1
BRDA:36,1,0,1
BRDA:36,2,0,6
BRDA:36,2,1,5
BRDA:36,2,2,5
BRDA:36,2,3,5
BRDA:36,2,4,5
BRDA:44,3,0,1
BRDA:55,4,0,1
BRDA:64,5,0,1
BRDA:91,6,0,5
BRDA:91,6,1,1
BRDA:92,7,0,5
BRDA:92,7,1,3
BRDA:94,8,0,1
BRDA:102,9,0,1
BRDA:104,10,0,1
BRDA:119,11,0,0
BRDA:119,11,1,3
BRDA:122,12,0,0
BRDA:122,12,1,3
BRDA:125,13,0,1
BRDA:163,14,0,0
BRF:23
BRH:20
end_of_record
