TN:
SF:api\src\db.ts
FN:11,(anonymous_1)
FNF:1
FNH:1
FNDA:5,(anonymous_1)
DA:1,1
DA:3,1
DA:11,5
LF:3
LH:3
BRF:0
BRH:0
end_of_record
TN:
SF:api\src\controllers\ride.controller.ts
FN:6,(anonymous_7)
FN:6,(anonymous_8)
FN:32,(anonymous_9)
FN:32,(anonymous_10)
FN:89,(anonymous_11)
FN:89,(anonymous_12)
FN:133,(anonymous_13)
FN:160,(anonymous_14)
FN:160,(anonymous_15)
FN:172,(anonymous_16)
FNF:10
FNH:4
FNDA:3,(anonymous_7)
FNDA:3,(anonymous_8)
FNDA:6,(anonymous_9)
FNDA:6,(anonymous_10)
FNDA:0,(anonymous_11)
FNDA:0,(anonymous_12)
FNDA:0,(anonymous_13)
FNDA:0,(anonymous_14)
FNDA:0,(anonymous_15)
FNDA:0,(anonymous_16)
DA:2,1
DA:3,1
DA:4,1
DA:6,3
DA:7,3
DA:8,3
DA:11,3
DA:12,3
DA:13,1
DA:17,1
DA:21,2
DA:22,1
DA:24,1
DA:25,1
DA:32,6
DA:33,6
DA:35,6
DA:36,6
DA:37,1
DA:41,1
DA:44,5
DA:45,1
DA:49,1
DA:53,4
DA:55,3
DA:56,1
DA:60,1
DA:63,2
DA:64,2
DA:65,1
DA:69,1
DA:73,1
DA:79,1
DA:81,1
DA:82,1
DA:89,1
DA:90,0
DA:91,0
DA:92,0
DA:94,0
DA:95,0
DA:99,0
DA:102,0
DA:103,0
DA:104,0
DA:105,0
DA:109,0
DA:113,0
DA:122,0
DA:123,0
DA:125,0
DA:126,0
DA:130,0
DA:133,0
DA:146,0
DA:152,0
DA:153,0
DA:160,1
DA:161,0
DA:162,0
DA:163,0
DA:164,0
DA:168,0
DA:171,0
DA:172,0
DA:178,0
DA:179,0
LF:67
LH:37
BRDA:12,0,0,1
BRDA:36,1,0,1
BRDA:36,2,0,6
BRDA:36,2,1,5
BRDA:36,2,2,5
BRDA:36,2,3,5
BRDA:36,2,4,5
BRDA:44,3,0,1
BRDA:55,4,0,1
BRDA:64,5,0,1
BRDA:91,6,0,0
BRDA:91,6,1,0
BRDA:92,7,0,0
BRDA:92,7,1,0
BRDA:94,8,0,0
BRDA:102,9,0,0
BRDA:104,10,0,0
BRDA:119,11,0,0
BRDA:119,11,1,0
BRDA:122,12,0,0
BRDA:122,12,1,0
BRDA:125,13,0,0
BRDA:163,14,0,0
BRF:23
BRH:10
end_of_record
